# JRE version: Java(TM) SE Runtime Environment (17.0.11+7) (build 17.0.11+7-LTS-207)
# Java VM: Java HotSpot(TM) 64-Bit Server VM (17.0.11+7-LTS-207, mixed mode, sharing, tiered, compressed oops, compressed class ptrs, g1 gc, windows-amd64)
GC Precious Log:
 CPUs: 12 total, 12 available
 Memory: 16111M
 Large Page Support: Disabled
 NUMA Support: Disabled
 Compressed Oops: Enabled (Zero based)
 Heap Region Size: 2M
 Heap Min Capacity: 8M
 Heap Initial Capacity: 252M
 Heap Max Capacity: 4048M
 Pre-touch: Disabled
 Parallel Workers: 10
 Concurrent Workers: 3
 Concurrent Refinement Workers: 10
 Periodic GC: Disabled
Heap:
 garbage-first heap   total 700416K, used 429386K [0x0000000703000000, 0x0000000800000000)
  region size 2048K, 77 young (157696K), 14 survivors (28672K)
 Metaspace       used 139783K, committed 141952K, reserved 983040K
  class space    used 18916K, committed 19968K, reserved 851968K
GC Heap History (20 events):
Event: 38.149 GC heap before
{Heap before GC invocations=55 (full 0):
 garbage-first heap   total 387072K, used 320779K [0x0000000703000000, 0x0000000800000000)
  region size 2048K, 43 young (88064K), 2 survivors (4096K)
 Metaspace       used 126267K, committed 127936K, reserved 983040K
  class space    used 17406K, committed 18176K, reserved 851968K
}
Event: 38.166 GC heap after
{Heap after GC invocations=56 (full 0):
 garbage-first heap   total 653312K, used 255054K [0x0000000703000000, 0x0000000800000000)
  region size 2048K, 6 young (12288K), 6 survivors (12288K)
 Metaspace       used 126267K, committed 127936K, reserved 983040K
  class space    used 17406K, committed 18176K, reserved 851968K
}
Event: 40.597 GC heap before
{Heap before GC invocations=57 (full 0):
 garbage-first heap   total 653312K, used 461902K [0x0000000703000000, 0x0000000800000000)
  region size 2048K, 93 young (190464K), 6 survivors (12288K)
 Metaspace       used 130246K, committed 131904K, reserved 983040K
  class space    used 17796K, committed 18560K, reserved 851968K
}
Event: 40.616 GC heap after
{Heap after GC invocations=58 (full 0):
 garbage-first heap   total 653312K, used 267591K [0x0000000703000000, 0x0000000800000000)
  region size 2048K, 12 young (24576K), 12 survivors (24576K)
 Metaspace       used 130246K, committed 131904K, reserved 983040K
  class space    used 17796K, committed 18560K, reserved 851968K
}
Event: 40.645 GC heap before
{Heap before GC invocations=58 (full 0):
 garbage-first heap   total 653312K, used 273735K [0x0000000703000000, 0x0000000800000000)
  region size 2048K, 15 young (30720K), 12 survivors (24576K)
 Metaspace       used 130322K, committed 132032K, reserved 983040K
  class space    used 17809K, committed 18624K, reserved 851968K
}
Event: 40.668 GC heap after
{Heap after GC invocations=59 (full 0):
 garbage-first heap   total 653312K, used 266953K [0x0000000703000000, 0x0000000800000000)
  region size 2048K, 2 young (4096K), 2 survivors (4096K)
 Metaspace       used 130322K, committed 132032K, reserved 983040K
  class space    used 17809K, committed 18624K, reserved 851968K
}
Event: 44.659 GC heap before
{Heap before GC invocations=59 (full 0):
 garbage-first heap   total 653312K, used 484041K [0x0000000703000000, 0x0000000800000000)
  region size 2048K, 109 young (223232K), 2 survivors (4096K)
 Metaspace       used 131621K, committed 133248K, reserved 983040K
  class space    used 17931K, committed 18688K, reserved 851968K
}
Event: 44.668 GC heap after
{Heap after GC invocations=60 (full 0):
 garbage-first heap   total 653312K, used 272329K [0x0000000703000000, 0x0000000800000000)
  region size 2048K, 5 young (10240K), 5 survivors (10240K)
 Metaspace       used 131621K, committed 133248K, reserved 983040K
  class space    used 17931K, committed 18688K, reserved 851968K
}
Event: 60.188 GC heap before
{Heap before GC invocations=60 (full 0):
 garbage-first heap   total 653312K, used 507849K [0x0000000703000000, 0x0000000800000000)
  region size 2048K, 121 young (247808K), 5 survivors (10240K)
 Metaspace       used 133494K, committed 135168K, reserved 983040K
  class space    used 18151K, committed 18944K, reserved 851968K
}
Event: 60.203 GC heap after
{Heap after GC invocations=61 (full 0):
 garbage-first heap   total 653312K, used 281898K [0x0000000703000000, 0x0000000800000000)
  region size 2048K, 10 young (20480K), 10 survivors (20480K)
 Metaspace       used 133494K, committed 135168K, reserved 983040K
  class space    used 18151K, committed 18944K, reserved 851968K
}
Event: 65.337 GC heap before
{Heap before GC invocations=61 (full 0):
 garbage-first heap   total 653312K, used 443690K [0x0000000703000000, 0x0000000800000000)
  region size 2048K, 58 young (118784K), 10 survivors (20480K)
 Metaspace       used 134708K, committed 136384K, reserved 983040K
  class space    used 18316K, committed 19136K, reserved 851968K
}
Event: 65.354 GC heap after
{Heap after GC invocations=62 (full 0):
 garbage-first heap   total 653312K, used 358264K [0x0000000703000000, 0x0000000800000000)
  region size 2048K, 11 young (22528K), 11 survivors (22528K)
 Metaspace       used 134708K, committed 136384K, reserved 983040K
  class space    used 18316K, committed 19136K, reserved 851968K
}
Event: 67.154 GC heap before
{Heap before GC invocations=63 (full 0):
 garbage-first heap   total 694272K, used 661368K [0x0000000703000000, 0x0000000800000000)
  region size 2048K, 19 young (38912K), 11 survivors (22528K)
 Metaspace       used 134888K, committed 136640K, reserved 983040K
  class space    used 18342K, committed 19200K, reserved 851968K
}
Event: 67.173 GC heap after
{Heap after GC invocations=64 (full 0):
 garbage-first heap   total 700416K, used 488429K [0x0000000703000000, 0x0000000800000000)
  region size 2048K, 11 young (22528K), 11 survivors (22528K)
 Metaspace       used 134888K, committed 136640K, reserved 983040K
  class space    used 18342K, committed 19200K, reserved 851968K
}
Event: 68.317 GC heap before
{Heap before GC invocations=64 (full 0):
 garbage-first heap   total 700416K, used 594925K [0x0000000703000000, 0x0000000800000000)
  region size 2048K, 17 young (34816K), 11 survivors (22528K)
 Metaspace       used 135680K, committed 137408K, reserved 983040K
  class space    used 18452K, committed 19264K, reserved 851968K
}
Event: 68.323 GC heap after
{Heap after GC invocations=65 (full 0):
 garbage-first heap   total 700416K, used 255337K [0x0000000703000000, 0x0000000800000000)
  region size 2048K, 1 young (2048K), 1 survivors (2048K)
 Metaspace       used 135680K, committed 137408K, reserved 983040K
  class space    used 18452K, committed 19264K, reserved 851968K
}
Event: 496.460 GC heap before
{Heap before GC invocations=65 (full 0):
 garbage-first heap   total 700416K, used 501097K [0x0000000703000000, 0x0000000800000000)
  region size 2048K, 122 young (249856K), 1 survivors (2048K)
 Metaspace       used 138296K, committed 140224K, reserved 983040K
  class space    used 18782K, committed 19712K, reserved 851968K
}
Event: 496.478 GC heap after
{Heap after GC invocations=66 (full 0):
 garbage-first heap   total 700416K, used 277844K [0x0000000703000000, 0x0000000800000000)
  region size 2048K, 12 young (24576K), 12 survivors (24576K)
 Metaspace       used 138296K, committed 140224K, reserved 983040K
  class space    used 18782K, committed 19712K, reserved 851968K
}
Event: 501.220 GC heap before
{Heap before GC invocations=66 (full 0):
 garbage-first heap   total 700416K, used 521556K [0x0000000703000000, 0x0000000800000000)
  region size 2048K, 131 young (268288K), 12 survivors (24576K)
 Metaspace       used 139410K, committed 141632K, reserved 983040K
  class space    used 18901K, committed 19904K, reserved 851968K
}
Event: 501.256 GC heap after
{Heap after GC invocations=67 (full 0):
 garbage-first heap   total 700416K, used 304458K [0x0000000703000000, 0x0000000800000000)
  region size 2048K, 14 young (28672K), 14 survivors (28672K)
 Metaspace       used 139410K, committed 141632K, reserved 983040K
  class space    used 18901K, committed 19904K, reserved 851968K
}

